[2025-06-15 18:13:33] Creado: /etc/archivo_prueba
[2025-06-15 18:13:33] Modificado: /etc
[2025-06-15 18:13:33] Modificado: /etc/archivo_prueba
[2025-06-15 18:13:33] Modificado: /etc
[2025-06-15 18:13:34] Eliminado: /etc/archivo_prueba
[2025-06-15 18:13:34] Modificado: /etc
[2025-06-15 20:34:47] Creado: /etc/ejecutable.sh
[2025-06-15 20:34:47] Modificado: /etc
[2025-06-15 20:34:47] Modificado: /etc/ejecutable.sh
[2025-06-15 20:34:47] Modificado: /etc
[2025-06-15 20:35:55] Eliminado: /etc/ejecutable.sh
[2025-06-15 20:35:55] Modificado: /etc
[2025-06-15 20:46:51] Modificado: /etc/hostname
[2025-06-15 20:46:51] Modificado: /etc
[2025-06-15 20:46:52] Eliminado: /etc/.hostname.swp
[2025-06-15 20:46:52] Modificado: /etc
[2025-06-15 20:48:52] Modificado: /etc/hostname
[2025-06-15 20:48:52] Modificado: /etc
[2025-06-15 20:48:52] Eliminado: /etc/.hostname.swp
[2025-06-15 20:48:52] Modificado: /etc
[2025-06-18 12:20:02] Modificado: /etc/ssh/sshd_config
[2025-06-18 12:20:02] Modificado: /etc/ssh
[2025-06-18 12:20:02] Modificado: /etc/passwd
[2025-06-18 12:20:02] Modificado: /etc
[2025-06-19 02:00:02] Modificado: /etc/ssh/sshd_config
[2025-06-19 02:00:02] Modificado: /etc/ssh
[2025-06-19 02:00:02] Modificado: /etc/passwd
[2025-06-19 02:00:02] Modificado: /etc
